<?xml version="1.0" encoding="UTF-8"?>
<!-- Generated by org.testng.reporters.JUnitXMLReporter -->
<testsuite hostname="DESKTOP-JBHN18P" ignored="0" name="Regression Test" tests="3" failures="0" timestamp="29 Jun 2021 16:24:16 GMT" time="0.054" errors="0">
  <testcase name="@BeforeSuite startDriver" time="2.913" classname="tests.TestBase">
    <failure type="org.openqa.selenium.SessionNotCreatedException" message="session not created: This version of ChromeDriver only supports Chrome version 89
Current browser version is 91.0.4472.114 with binary path C:\Program Files\Google\Chrome\Application\chrome.exe
Build info: version: &amp;apos;3.12.0&amp;apos;, revision: &amp;apos;7c6e0b3&amp;apos;, time: &amp;apos;2018-05-08T14:04:26.12Z&amp;apos;
System info: host: &amp;apos;DESKTOP-JBHN18P&amp;apos;, ip: &amp;apos;192.168.56.1&amp;apos;, os.name: &amp;apos;Windows 10&amp;apos;, os.arch: &amp;apos;amd64&amp;apos;, os.version: &amp;apos;10.0&amp;apos;, java.version: &amp;apos;1.8.0_281&amp;apos;
Driver info: driver.version: ChromeDriver
remote stacktrace: Backtrace:
	Ordinal0 [0x008FE7D3+124883]
	Ordinal0 [0x008FE7B1+124849]
	GetHandleVerifier [0x00B48688+193832]
	GetHandleVerifier [0x00B63AC5+305509]
	GetHandleVerifier [0x00B6021B+291003]
	GetHandleVerifier [0x00B5E0AC+282444]
	GetHandleVerifier [0x00B84A90+440624]
	GetHandleVerifier [0x00B847FC+439964]
	GetHandleVerifier [0x00B8154B+426987]
	GetHandleVerifier [0x00B64FFD+310941]
	GetHandleVerifier [0x00B65D8E+314414]
	GetHandleVerifier [0x00B65D19+314297]
	GetHandleVerifier [0x00C231EC+1089676]
	GetHandleVerifier [0x00C217C9+1082985]
	GetHandleVerifier [0x00C213A3+1081923]
	GetHandleVerifier [0x00D1D9FD+2115741]
	Ordinal0 [0x00A4B82E+1488942]
	Ordinal0 [0x009E5A7D+1071741]
	Ordinal0 [0x009E559B+1070491]
	Ordinal0 [0x009E54B1+1070257]
	Ordinal0 [0x00A1FF53+1310547]
	BaseThreadInitThunk [0x7629FA29+25]
	RtlGetAppContainerNamedObjectPath [0x77847A4E+286]
	RtlGetAppContainerNamedObjectPath [0x77847A1E+238]
">
      <![CDATA[org.openqa.selenium.SessionNotCreatedException: session not created: This version of ChromeDriver only supports Chrome version 89
Current browser version is 91.0.4472.114 with binary path C:\Program Files\Google\Chrome\Application\chrome.exe
Build info: version: '3.12.0', revision: '7c6e0b3', time: '2018-05-08T14:04:26.12Z'
System info: host: 'DESKTOP-JBHN18P', ip: '192.168.56.1', os.name: 'Windows 10', os.arch: 'amd64', os.version: '10.0', java.version: '1.8.0_281'
Driver info: driver.version: ChromeDriver
remote stacktrace: Backtrace:
Ordinal0 [0x008FE7D3+124883]
Ordinal0 [0x008FE7B1+124849]
GetHandleVerifier [0x00B48688+193832]
GetHandleVerifier [0x00B63AC5+305509]
GetHandleVerifier [0x00B6021B+291003]
GetHandleVerifier [0x00B5E0AC+282444]
GetHandleVerifier [0x00B84A90+440624]
GetHandleVerifier [0x00B847FC+439964]
GetHandleVerifier [0x00B8154B+426987]
GetHandleVerifier [0x00B64FFD+310941]
GetHandleVerifier [0x00B65D8E+314414]
GetHandleVerifier [0x00B65D19+314297]
GetHandleVerifier [0x00C231EC+1089676]
GetHandleVerifier [0x00C217C9+1082985]
GetHandleVerifier [0x00C213A3+1081923]
GetHandleVerifier [0x00D1D9FD+2115741]
Ordinal0 [0x00A4B82E+1488942]
Ordinal0 [0x009E5A7D+1071741]
Ordinal0 [0x009E559B+1070491]
Ordinal0 [0x009E54B1+1070257]
Ordinal0 [0x00A1FF53+1310547]
BaseThreadInitThunk [0x7629FA29+25]
RtlGetAppContainerNamedObjectPath [0x77847A4E+286]
RtlGetAppContainerNamedObjectPath [0x77847A1E+238]

at org.openqa.selenium.remote.W3CHandshakeResponse.lambda$new$0(W3CHandshakeResponse.java:57)
at org.openqa.selenium.remote.W3CHandshakeResponse.lambda$getResponseFunction$2(W3CHandshakeResponse.java:104)
at org.openqa.selenium.remote.ProtocolHandshake.lambda$createSession$0(ProtocolHandshake.java:123)
at java.util.stream.ReferencePipeline$3$1.accept(Unknown Source)
at java.util.Spliterators$ArraySpliterator.tryAdvance(Unknown Source)
at java.util.stream.ReferencePipeline.forEachWithCancel(Unknown Source)
at java.util.stream.AbstractPipeline.copyIntoWithCancel(Unknown Source)
at java.util.stream.AbstractPipeline.copyInto(Unknown Source)
at java.util.stream.AbstractPipeline.wrapAndCopyInto(Unknown Source)
at java.util.stream.FindOps$FindOp.evaluateSequential(Unknown Source)
at java.util.stream.AbstractPipeline.evaluate(Unknown Source)
at java.util.stream.ReferencePipeline.findFirst(Unknown Source)
at org.openqa.selenium.remote.ProtocolHandshake.createSession(ProtocolHandshake.java:126)
at org.openqa.selenium.remote.ProtocolHandshake.createSession(ProtocolHandshake.java:73)
at org.openqa.selenium.remote.HttpCommandExecutor.execute(HttpCommandExecutor.java:136)
at org.openqa.selenium.remote.service.DriverCommandExecutor.execute(DriverCommandExecutor.java:83)
at org.openqa.selenium.remote.RemoteWebDriver.execute(RemoteWebDriver.java:543)
at org.openqa.selenium.remote.RemoteWebDriver.startSession(RemoteWebDriver.java:207)
at org.openqa.selenium.remote.RemoteWebDriver.<init>(RemoteWebDriver.java:130)
at org.openqa.selenium.chrome.ChromeDriver.<init>(ChromeDriver.java:181)
at org.openqa.selenium.chrome.ChromeDriver.<init>(ChromeDriver.java:168)
at org.openqa.selenium.chrome.ChromeDriver.<init>(ChromeDriver.java:123)
at tests.TestBase.startDriver(TestBase.java:29)
... Removed 24 stack frames]]>
    </failure>
  </testcase> <!-- @BeforeSuite startDriver -->
  <testcase name="UserLoginSuccessfully" time="0.001" classname="tests.LoginPageTest">
    <skipped/>
  </testcase> <!-- UserLoginSuccessfully -->
  <testcase name="UserLOginUnsuccessfully" time="0.0" classname="tests.LoginPageTest">
    <skipped/>
  </testcase> <!-- UserLOginUnsuccessfully -->
  <testcase name="UserLOginUnsuccessfully2" time="0.0" classname="tests.LoginPageTest">
    <skipped/>
  </testcase> <!-- UserLOginUnsuccessfully2 -->
</testsuite> <!-- Regression Test -->
